  [1m[35m (246.5ms)[0m  [1m[35mCREATE DATABASE `training_curriculum_rails7_development` DEFAULT CHARACTER SET `utf8mb4`[0m
  [1m[35m (127.1ms)[0m  [1m[35mCREATE DATABASE `training_curriculum_rails7_test` DEFAULT CHARACTER SET `utf8mb4`[0m
  [1m[35m (189.9ms)[0m  [1m[35mCREATE TABLE `schema_migrations` (`version` varchar(255) NOT NULL PRIMARY KEY)[0m
  [1m[35m (46.9ms)[0m  [1m[35mCREATE TABLE `ar_internal_metadata` (`key` varchar(255) NOT NULL PRIMARY KEY, `value` varchar(255), `created_at` datetime(6) NOT NULL, `updated_at` datetime(6) NOT NULL)[0m
  [1m[35m (1.5ms)[0m  [1m[34mSELECT GET_LOCK('2535677301063899895', 0)[0m
  [1m[36mActiveRecord::SchemaMigration Load (6.8ms)[0m  [1m[34mSELECT `schema_migrations`.`version` FROM `schema_migrations` ORDER BY `schema_migrations`.`version` ASC[0m
  [1m[36mActiveRecord::InternalMetadata Load (4.9ms)[0m  [1m[34mSELECT * FROM `ar_internal_metadata` WHERE `ar_internal_metadata`.`key` = 'environment' ORDER BY `ar_internal_metadata`.`key` ASC LIMIT 1[0m
  [1m[36mActiveRecord::InternalMetadata Create (13.1ms)[0m  [1m[32mINSERT INTO `ar_internal_metadata` (`key`, `value`, `created_at`, `updated_at`) VALUES ('environment', 'development', '2025-03-16 13:46:17.020552', '2025-03-16 13:46:17.020555')[0m
Migrating to CreatePlans (20230603133754)
  [1m[35m (42.5ms)[0m  [1m[35mCREATE TABLE `plans` (`id` bigint NOT NULL AUTO_INCREMENT PRIMARY KEY, `plan` varchar(255), `date` date, `created_at` datetime(6) NOT NULL, `updated_at` datetime(6) NOT NULL)[0m
  [1m[36mActiveRecord::SchemaMigration Create (4.7ms)[0m  [1m[32mINSERT INTO `schema_migrations` (`version`) VALUES ('20230603133754')[0m
  [1m[35m (1.3ms)[0m  [1m[34mSELECT RELEASE_LOCK('2535677301063899895')[0m
  [1m[36mActiveRecord::SchemaMigration Load (0.3ms)[0m  [1m[34mSELECT `schema_migrations`.`version` FROM `schema_migrations` ORDER BY `schema_migrations`.`version` ASC[0m
Started GET "/" for ::1 at 2025-03-16 22:46:30 +0900
  [1m[36mActiveRecord::SchemaMigration Load (0.6ms)[0m  [1m[34mSELECT `schema_migrations`.`version` FROM `schema_migrations` ORDER BY `schema_migrations`.`version` ASC[0m
Processing by CalendarsController#index as HTML
  [1m[36mPlan Load (1.3ms)[0m  [1m[34mSELECT `plans`.* FROM `plans` WHERE `plans`.`date` BETWEEN '2025-03-16' AND '2025-03-22'[0m
  ↳ app/controllers/calendars_controller.rb:34:in `block in getWeek'
  Rendering layout layouts/application.html.erb
  Rendering calendars/index.html.erb within layouts/application
  Rendered calendars/index.html.erb within layouts/application (Duration: 25.9ms | Allocations: 3271)
  Rendered layout layouts/application.html.erb (Duration: 504.2ms | Allocations: 111063)
Completed 200 OK in 607ms (Views: 517.4ms | ActiveRecord: 9.2ms | Allocations: 136169)


Started GET "/" for ::1 at 2025-03-16 23:01:39 +0900
Processing by CalendarsController#index as HTML
Completed 500 Internal Server Error in 1ms (ActiveRecord: 0.0ms | Allocations: 470)


  
NameError (undefined local variable or method `getweek' for #<CalendarsController:0x0000000000eb00>):
  
app/controllers/calendars_controller.rb:5:in `index'
Started GET "/" for ::1 at 2025-03-16 23:02:32 +0900
  [1m[36mActiveRecord::SchemaMigration Load (0.7ms)[0m  [1m[34mSELECT `schema_migrations`.`version` FROM `schema_migrations` ORDER BY `schema_migrations`.`version` ASC[0m
Processing by CalendarsController#index as HTML
Completed 500 Internal Server Error in 3ms (ActiveRecord: 0.0ms | Allocations: 1274)


  
NameError (undefined local variable or method `getweek' for #<CalendarsController:0x0000000000ae38>):
  
app/controllers/calendars_controller.rb:5:in `index'
Started GET "/" for ::1 at 2025-03-16 23:03:04 +0900
Processing by CalendarsController#index as HTML
Completed 500 Internal Server Error in 1ms (ActiveRecord: 0.0ms | Allocations: 449)


  
NameError (undefined local variable or method `getWeek' for #<CalendarsController:0x0000000000ea88>):
  
app/controllers/calendars_controller.rb:5:in `index'
Started GET "/" for ::1 at 2025-03-16 23:03:30 +0900
Processing by CalendarsController#index as HTML
  [1m[36mPlan Load (0.9ms)[0m  [1m[34mSELECT `plans`.* FROM `plans` WHERE `plans`.`date` BETWEEN '2025-03-16' AND '2025-03-22'[0m
  ↳ app/controllers/calendars_controller.rb:34:in `block in get_week'
  Rendering layout layouts/application.html.erb
  Rendering calendars/index.html.erb within layouts/application
  Rendered calendars/index.html.erb within layouts/application (Duration: 7.6ms | Allocations: 2460)
  Rendered layout layouts/application.html.erb (Duration: 91.6ms | Allocations: 37190)
Completed 200 OK in 167ms (Views: 93.8ms | ActiveRecord: 30.1ms | Allocations: 51898)


Started GET "/" for ::1 at 2025-03-20 12:32:35 +0900
  [1m[36mActiveRecord::SchemaMigration Load (11.6ms)[0m  [1m[34mSELECT `schema_migrations`.`version` FROM `schema_migrations` ORDER BY `schema_migrations`.`version` ASC[0m
Started GET "/" for ::1 at 2025-03-20 12:32:35 +0900
Processing by CalendarsController#index as HTML
Processing by CalendarsController#index as HTML
  [1m[36mPlan Load (2.3ms)[0m  [1m[34mSELECT `plans`.* FROM `plans` WHERE `plans`.`date` BETWEEN '2025-03-20' AND '2025-03-26'[0m
  ↳ app/controllers/calendars_controller.rb:34:in `block in getWeek'
  [1m[36mPlan Load (2.7ms)[0m  [1m[34mSELECT `plans`.* FROM `plans` WHERE `plans`.`date` BETWEEN '2025-03-20' AND '2025-03-26'[0m
  ↳ app/controllers/calendars_controller.rb:34:in `block in getWeek'
  Rendering layout layouts/application.html.erb
  Rendering calendars/index.html.erb within layouts/application
  Rendering layout layouts/application.html.erb
  Rendering calendars/index.html.erb within layouts/application
  Rendered calendars/index.html.erb within layouts/application (Duration: 18.7ms | Allocations: 4762)
  Rendered calendars/index.html.erb within layouts/application (Duration: 15.8ms | Allocations: 3985)
  Rendered layout layouts/application.html.erb (Duration: 348.5ms | Allocations: 109701)
  Rendered layout layouts/application.html.erb (Duration: 346.5ms | Allocations: 109066)
Completed 200 OK in 473ms (Views: 354.4ms | ActiveRecord: 56.2ms | Allocations: 128608)


Completed 200 OK in 472ms (Views: 356.5ms | ActiveRecord: 20.5ms | Allocations: 128411)


Started POST "/calendars" for ::1 at 2025-03-20 12:33:09 +0900
Processing by CalendarsController#create as TURBO_STREAM
  Parameters: {"authenticity_token"=>"[FILTERED]", "plan"=>{"date"=>"2025-03-04", "plan"=>"出かける"}, "commit"=>"保存"}
  [1m[36mTRANSACTION (2.8ms)[0m  [1m[35mBEGIN[0m
  ↳ app/controllers/calendars_controller.rb:11:in `create'
  [1m[36mPlan Create (30.3ms)[0m  [1m[32mINSERT INTO `plans` (`plan`, `date`, `created_at`, `updated_at`) VALUES ('出かける', '2025-03-04', '2025-03-20 03:33:09.902475', '2025-03-20 03:33:09.902475')[0m
  ↳ app/controllers/calendars_controller.rb:11:in `create'
  [1m[36mTRANSACTION (21.4ms)[0m  [1m[35mCOMMIT[0m
  ↳ app/controllers/calendars_controller.rb:11:in `create'
Redirected to http://localhost:3000/
Completed 302 Found in 68ms (ActiveRecord: 54.4ms | Allocations: 4146)


Started GET "/" for ::1 at 2025-03-20 12:33:09 +0900
Processing by CalendarsController#index as TURBO_STREAM
  [1m[36mPlan Load (1.3ms)[0m  [1m[34mSELECT `plans`.* FROM `plans` WHERE `plans`.`date` BETWEEN '2025-03-20' AND '2025-03-26'[0m
  ↳ app/controllers/calendars_controller.rb:34:in `block in getWeek'
  Rendering layout layouts/application.html.erb
  Rendering calendars/index.html.erb within layouts/application
  Rendered calendars/index.html.erb within layouts/application (Duration: 2.5ms | Allocations: 949)
  Rendered layout layouts/application.html.erb (Duration: 7.6ms | Allocations: 3003)
Completed 200 OK in 13ms (Views: 8.5ms | ActiveRecord: 1.3ms | Allocations: 3855)


Started GET "/" for ::1 at 2025-03-20 12:34:49 +0900
Processing by CalendarsController#index as HTML
  [1m[36mPlan Load (0.8ms)[0m  [1m[34mSELECT `plans`.* FROM `plans` WHERE `plans`.`date` BETWEEN '2025-03-20' AND '2025-03-26'[0m
  ↳ app/controllers/calendars_controller.rb:34:in `block in getWeek'
  Rendering layout layouts/application.html.erb
  Rendering calendars/index.html.erb within layouts/application
  Rendered calendars/index.html.erb within layouts/application (Duration: 6.1ms | Allocations: 1520)
  Rendered layout layouts/application.html.erb (Duration: 42.0ms | Allocations: 14414)
Completed 200 OK in 89ms (Views: 47.7ms | ActiveRecord: 21.2ms | Allocations: 19211)


Started GET "/" for ::1 at 2025-03-20 12:35:47 +0900
Processing by CalendarsController#index as HTML
  [1m[36mPlan Load (0.6ms)[0m  [1m[34mSELECT `plans`.* FROM `plans` WHERE `plans`.`date` BETWEEN '2025-03-20' AND '2025-03-26'[0m
  ↳ app/controllers/calendars_controller.rb:34:in `block in getWeek'
  Rendering layout layouts/application.html.erb
  Rendering calendars/index.html.erb within layouts/application
  Rendered calendars/index.html.erb within layouts/application (Duration: 3.3ms | Allocations: 1527)
  Rendered layout layouts/application.html.erb (Duration: 13.7ms | Allocations: 14626)
Completed 200 OK in 30ms (Views: 15.0ms | ActiveRecord: 6.7ms | Allocations: 19374)


Started POST "/calendars" for ::1 at 2025-03-20 12:35:55 +0900
Processing by CalendarsController#create as TURBO_STREAM
  Parameters: {"authenticity_token"=>"[FILTERED]", "plan"=>{"date"=>"2025-03-25", "plan"=>"出かける"}, "commit"=>"保存"}
Completed 400 Bad Request in 4ms (ActiveRecord: 0.0ms | Allocations: 1044)


  
ActionController::ParameterMissing (param is missing or the value is empty: calenders):
  
app/controllers/calendars_controller.rb:18:in `plan_params'
app/controllers/calendars_controller.rb:11:in `create'
Started GET "/" for ::1 at 2025-03-20 12:35:55 +0900
Processing by CalendarsController#index as HTML
  [1m[36mPlan Load (0.5ms)[0m  [1m[34mSELECT `plans`.* FROM `plans` WHERE `plans`.`date` BETWEEN '2025-03-20' AND '2025-03-26'[0m
  ↳ app/controllers/calendars_controller.rb:34:in `block in getWeek'
  Rendering layout layouts/application.html.erb
  Rendering calendars/index.html.erb within layouts/application
  Rendered calendars/index.html.erb within layouts/application (Duration: 1.4ms | Allocations: 945)
  Rendered layout layouts/application.html.erb (Duration: 3.8ms | Allocations: 3034)
Completed 200 OK in 7ms (Views: 4.3ms | ActiveRecord: 0.5ms | Allocations: 3842)


Started GET "/" for ::1 at 2025-03-20 12:41:06 +0900
Processing by CalendarsController#index as HTML
  [1m[36mPlan Load (0.5ms)[0m  [1m[34mSELECT `plans`.* FROM `plans` WHERE `plans`.`date` BETWEEN '2025-03-20' AND '2025-03-26'[0m
  ↳ app/controllers/calendars_controller.rb:34:in `block in getWeek'
  Rendering layout layouts/application.html.erb
  Rendering calendars/index.html.erb within layouts/application
  Rendered calendars/index.html.erb within layouts/application (Duration: 3.3ms | Allocations: 1507)
  Rendered layout layouts/application.html.erb (Duration: 13.2ms | Allocations: 14605)
Completed 200 OK in 30ms (Views: 14.6ms | ActiveRecord: 7.4ms | Allocations: 19391)


Started GET "/" for ::1 at 2025-03-20 12:42:17 +0900
Processing by CalendarsController#index as HTML
  [1m[36mPlan Load (0.5ms)[0m  [1m[34mSELECT `plans`.* FROM `plans` WHERE `plans`.`date` BETWEEN '2025-03-20' AND '2025-03-26'[0m
  ↳ app/controllers/calendars_controller.rb:34:in `block in getWeek'
  Rendering layout layouts/application.html.erb
  Rendering calendars/index.html.erb within layouts/application
  Rendered calendars/index.html.erb within layouts/application (Duration: 2.1ms | Allocations: 1534)
  Rendered layout layouts/application.html.erb (Duration: 12.0ms | Allocations: 14429)
Completed 200 OK in 25ms (Views: 13.8ms | ActiveRecord: 4.2ms | Allocations: 19148)


Started POST "/calendars" for ::1 at 2025-03-20 12:42:24 +0900
Processing by CalendarsController#create as TURBO_STREAM
  Parameters: {"authenticity_token"=>"[FILTERED]", "plan"=>{"date"=>"2025-03-26", "plan"=>"出かける"}, "commit"=>"保存"}
Completed 400 Bad Request in 1ms (ActiveRecord: 0.0ms | Allocations: 1023)


  
ActionController::ParameterMissing (param is missing or the value is empty: calenders):
  
app/controllers/calendars_controller.rb:18:in `plan_params'
app/controllers/calendars_controller.rb:11:in `create'
Started GET "/" for ::1 at 2025-03-20 12:42:24 +0900
Processing by CalendarsController#index as HTML
  [1m[36mPlan Load (0.5ms)[0m  [1m[34mSELECT `plans`.* FROM `plans` WHERE `plans`.`date` BETWEEN '2025-03-20' AND '2025-03-26'[0m
  ↳ app/controllers/calendars_controller.rb:34:in `block in getWeek'
  Rendering layout layouts/application.html.erb
  Rendering calendars/index.html.erb within layouts/application
  Rendered calendars/index.html.erb within layouts/application (Duration: 1.3ms | Allocations: 948)
  Rendered layout layouts/application.html.erb (Duration: 3.2ms | Allocations: 3037)
Completed 200 OK in 7ms (Views: 3.7ms | ActiveRecord: 0.5ms | Allocations: 3852)


Started GET "/" for ::1 at 2025-03-20 12:43:57 +0900
Processing by CalendarsController#index as HTML
  [1m[36mPlan Load (0.5ms)[0m  [1m[34mSELECT `plans`.* FROM `plans` WHERE `plans`.`date` BETWEEN '2025-03-20' AND '2025-03-26'[0m
  ↳ app/controllers/calendars_controller.rb:34:in `block in getWeek'
  Rendering layout layouts/application.html.erb
  Rendering calendars/index.html.erb within layouts/application
  Rendered calendars/index.html.erb within layouts/application (Duration: 1.8ms | Allocations: 1522)
  Rendered layout layouts/application.html.erb (Duration: 10.7ms | Allocations: 14585)
Completed 200 OK in 23ms (Views: 12.0ms | ActiveRecord: 4.7ms | Allocations: 19363)


Started GET "/" for ::1 at 2025-03-20 12:47:05 +0900
Processing by CalendarsController#index as HTML
  [1m[36mPlan Load (0.5ms)[0m  [1m[34mSELECT `plans`.* FROM `plans` WHERE `plans`.`date` BETWEEN '2025-03-20' AND '2025-03-26'[0m
  ↳ app/controllers/calendars_controller.rb:38:in `block in getWeek'
  Rendering layout layouts/application.html.erb
  Rendering calendars/index.html.erb within layouts/application
  Rendered calendars/index.html.erb within layouts/application (Duration: 2.9ms | Allocations: 1497)
  Rendered layout layouts/application.html.erb (Duration: 13.6ms | Allocations: 14595)
Completed 200 OK in 31ms (Views: 15.0ms | ActiveRecord: 6.8ms | Allocations: 19343)


Started POST "/calendars" for ::1 at 2025-03-20 12:47:12 +0900
Processing by CalendarsController#create as TURBO_STREAM
  Parameters: {"authenticity_token"=>"[FILTERED]", "plan"=>{"date"=>"2025-03-26", "plan"=>"出かける"}, "commit"=>"保存"}
  [1m[36mTRANSACTION (0.4ms)[0m  [1m[35mBEGIN[0m
  ↳ app/controllers/calendars_controller.rb:12:in `create'
  [1m[36mPlan Create (6.6ms)[0m  [1m[32mINSERT INTO `plans` (`plan`, `date`, `created_at`, `updated_at`) VALUES ('出かける', '2025-03-26', '2025-03-20 03:47:12.066114', '2025-03-20 03:47:12.066114')[0m
  ↳ app/controllers/calendars_controller.rb:12:in `create'
  [1m[36mTRANSACTION (12.7ms)[0m  [1m[35mCOMMIT[0m
  ↳ app/controllers/calendars_controller.rb:12:in `create'
Redirected to http://localhost:3000/
Completed 302 Found in 29ms (ActiveRecord: 19.7ms | Allocations: 2856)


Started GET "/" for ::1 at 2025-03-20 12:47:12 +0900
Processing by CalendarsController#index as TURBO_STREAM
  [1m[36mPlan Load (0.7ms)[0m  [1m[34mSELECT `plans`.* FROM `plans` WHERE `plans`.`date` BETWEEN '2025-03-20' AND '2025-03-26'[0m
  ↳ app/controllers/calendars_controller.rb:38:in `block in getWeek'
  Rendering layout layouts/application.html.erb
  Rendering calendars/index.html.erb within layouts/application
  Rendered calendars/index.html.erb within layouts/application (Duration: 1.2ms | Allocations: 962)
  Rendered layout layouts/application.html.erb (Duration: 4.1ms | Allocations: 3017)
Completed 200 OK in 8ms (Views: 4.7ms | ActiveRecord: 0.7ms | Allocations: 3956)


Started GET "/" for ::1 at 2025-03-20 12:48:51 +0900
Processing by CalendarsController#index as HTML
  [1m[36mPlan Load (0.6ms)[0m  [1m[34mSELECT `plans`.* FROM `plans` WHERE `plans`.`date` BETWEEN '2025-03-20' AND '2025-03-26'[0m
  ↳ app/controllers/calendars_controller.rb:38:in `block in getWeek'
  Rendering layout layouts/application.html.erb
  Rendering calendars/index.html.erb within layouts/application
  Rendered calendars/index.html.erb within layouts/application (Duration: 4.0ms | Allocations: 1533)
  Rendered layout layouts/application.html.erb (Duration: 14.5ms | Allocations: 14427)
Completed 200 OK in 34ms (Views: 16.3ms | ActiveRecord: 7.5ms | Allocations: 19198)


Started GET "/" for ::1 at 2025-03-20 12:49:29 +0900
Processing by CalendarsController#index as HTML
  [1m[36mPlan Load (0.4ms)[0m  [1m[34mSELECT `plans`.* FROM `plans` WHERE `plans`.`date` BETWEEN '2025-03-20' AND '2025-03-26'[0m
  ↳ app/controllers/calendars_controller.rb:38:in `block in getWeek'
  Rendering layout layouts/application.html.erb
  Rendering calendars/index.html.erb within layouts/application
  Rendered calendars/index.html.erb within layouts/application (Duration: 2.1ms | Allocations: 1463)
  Rendered layout layouts/application.html.erb (Duration: 2.4ms | Allocations: 1570)
Completed 500 Internal Server Error in 18ms (ActiveRecord: 3.9ms | Allocations: 6450)


  
ActionView::SyntaxErrorInTemplate (Encountered a syntax error while rendering template: check <div>
  <%= form_with model: @plan, url: calendars_path, class: 'form' do |f| %>
    <%= f.label :日付を選択, class: 'label' %>
    <%= f.date_field :date, class: 'date-select' %>
    <%= f.label :予定を入力, class: 'label' %>
    <%= f.text_field :plan, class: 'text-input' %>
    <%= f.submit '保存' %>
  <% end %>
</div>
<div>
  <div class='calendar'>
    <%= @week_days.each do |day| %>
      <div class='item'>
        <div class='date'>
          <%= day[:month] %>/<% day[:date] %>
        </div>
        <ul class='content'>
        <%= if day[:plans].length != 0 %>
          <%= day[:plans].each do |plan| %>
            <li class='plan-list'>・<%= plan %></li>
          <%= end %>
        <%= end %>
        </ul>
      </div>
    <% end %>
  </div>
</div>
):
1:    <div>
2:      <%= form_with model: @plan, url: calendars_path, class: 'form' do |f| %>
3:        <%= f.label :日付を選択, class: 'label' %>
4:        <%= f.date_field :date, class: 'date-select' %>
5:        <%= f.label :予定を入力, class: 'label' %>
6:        <%= f.text_field :plan, class: 'text-input' %>
7:        <%= f.submit '保存' %>
8:      <% end %>
9:    </div>
10:    <div>
11:      <div class='calendar'>
12:        <%= @week_days.each do |day| %>
13:          <div class='item'>
14:            <div class='date'>
15:              <%= day[:month] %>/<% day[:date] %>
16:            </div>
17:            <ul class='content'>
18:            <%= if day[:plans].length != 0 %>
19:              <%= day[:plans].each do |plan| %>
20:                <li class='plan-list'>・<%= plan %></li>
21:              <%= end %>
22:            <%= end %>
23:            </ul>
24:          </div>
25:        <% end %>
26:      </div>
27:    </div>
  
app/views/calendars/index.html.erb:18: syntax error, unexpected ')', expecting `then' or ';' or '\n'
app/views/calendars/index.html.erb:21: syntax error, unexpected `end'
app/views/calendars/index.html.erb:22: syntax error, unexpected `end'
app/views/calendars/index.html.erb:29: syntax error, unexpected end-of-input
Started GET "/" for ::1 at 2025-03-20 12:49:43 +0900
Processing by CalendarsController#index as HTML
  [1m[36mPlan Load (0.5ms)[0m  [1m[34mSELECT `plans`.* FROM `plans` WHERE `plans`.`date` BETWEEN '2025-03-20' AND '2025-03-26'[0m
  ↳ app/controllers/calendars_controller.rb:38:in `block in getWeek'
  Rendering layout layouts/application.html.erb
  Rendering calendars/index.html.erb within layouts/application
  Rendered calendars/index.html.erb within layouts/application (Duration: 1.2ms | Allocations: 1477)
  Rendered layout layouts/application.html.erb (Duration: 1.4ms | Allocations: 1581)
Completed 500 Internal Server Error in 15ms (ActiveRecord: 4.9ms | Allocations: 6443)


  
ActionView::SyntaxErrorInTemplate (Encountered a syntax error while rendering template: check <div>
  <%= form_with model: @plan, url: calendars_path, class: 'form' do |f| %>
    <%= f.label :日付を選択, class: 'label' %>
    <%= f.date_field :date, class: 'date-select' %>
    <%= f.label :予定を入力, class: 'label' %>
    <%= f.text_field :plan, class: 'text-input' %>
    <%= f.submit '保存' %>
  <% end %>
</div>
<div>
  <div class='calendar'>
    <%= @week_days.each do |day| %>
      <div class='item'>
        <div class='date'>
          <%= day[:month] %>/<% day[:date] %>
        </div>
        <ul class='content'>
        <%= if day[:plans].length != 0 %>
          <%= day[:plans].each do |plan| %>
            <li class='plan-list'>・<%= plan %></li>
          <% end %>
        <%= end %>
        </ul>
      </div>
    <% end %>
  </div>
</div>
):
1:    <div>
2:      <%= form_with model: @plan, url: calendars_path, class: 'form' do |f| %>
3:        <%= f.label :日付を選択, class: 'label' %>
4:        <%= f.date_field :date, class: 'date-select' %>
5:        <%= f.label :予定を入力, class: 'label' %>
6:        <%= f.text_field :plan, class: 'text-input' %>
7:        <%= f.submit '保存' %>
8:      <% end %>
9:    </div>
10:    <div>
11:      <div class='calendar'>
12:        <%= @week_days.each do |day| %>
13:          <div class='item'>
14:            <div class='date'>
15:              <%= day[:month] %>/<% day[:date] %>
16:            </div>
17:            <ul class='content'>
18:            <%= if day[:plans].length != 0 %>
19:              <%= day[:plans].each do |plan| %>
20:                <li class='plan-list'>・<%= plan %></li>
21:              <% end %>
22:            <%= end %>
23:            </ul>
24:          </div>
25:        <% end %>
26:      </div>
27:    </div>
  
app/views/calendars/index.html.erb:18: syntax error, unexpected ')', expecting `then' or ';' or '\n'
app/views/calendars/index.html.erb:22: syntax error, unexpected `end'
app/views/calendars/index.html.erb:29: syntax error, unexpected `end', expecting ')'
Started GET "/" for ::1 at 2025-03-20 12:50:00 +0900
Processing by CalendarsController#index as HTML
  [1m[36mPlan Load (0.5ms)[0m  [1m[34mSELECT `plans`.* FROM `plans` WHERE `plans`.`date` BETWEEN '2025-03-20' AND '2025-03-26'[0m
  ↳ app/controllers/calendars_controller.rb:38:in `block in getWeek'
  Rendering layout layouts/application.html.erb
  Rendering calendars/index.html.erb within layouts/application
  Rendered calendars/index.html.erb within layouts/application (Duration: 2.0ms | Allocations: 1514)
  Rendered layout layouts/application.html.erb (Duration: 14.1ms | Allocations: 14616)
Completed 200 OK in 42ms (Views: 15.6ms | ActiveRecord: 20.1ms | Allocations: 19444)


Started GET "/" for ::1 at 2025-03-20 12:51:13 +0900
Processing by CalendarsController#index as HTML
  [1m[36mPlan Load (0.3ms)[0m  [1m[34mSELECT `plans`.* FROM `plans` WHERE `plans`.`date` BETWEEN '2025-03-20' AND '2025-03-26'[0m
  ↳ app/controllers/calendars_controller.rb:38:in `block in getWeek'
  Rendering layout layouts/application.html.erb
  Rendering calendars/index.html.erb within layouts/application
  Rendered calendars/index.html.erb within layouts/application (Duration: 2.2ms | Allocations: 1505)
  Rendered layout layouts/application.html.erb (Duration: 19.9ms | Allocations: 14479)
Completed 200 OK in 34ms (Views: 21.7ms | ActiveRecord: 3.3ms | Allocations: 19274)


Started GET "/" for ::1 at 2025-03-20 12:52:23 +0900
Processing by CalendarsController#index as HTML
  [1m[36mPlan Load (0.4ms)[0m  [1m[34mSELECT `plans`.* FROM `plans` WHERE `plans`.`date` BETWEEN '2025-03-20' AND '2025-03-26'[0m
  ↳ app/controllers/calendars_controller.rb:38:in `block in getWeek'
  Rendering layout layouts/application.html.erb
  Rendering calendars/index.html.erb within layouts/application
  Rendered calendars/index.html.erb within layouts/application (Duration: 2.9ms | Allocations: 1530)
  Rendered layout layouts/application.html.erb (Duration: 14.7ms | Allocations: 14425)
Completed 200 OK in 32ms (Views: 16.9ms | ActiveRecord: 5.1ms | Allocations: 19196)


Started GET "/" for ::1 at 2025-03-20 13:01:26 +0900
Processing by CalendarsController#index as HTML
  [1m[36mPlan Load (3.6ms)[0m  [1m[34mSELECT `plans`.* FROM `plans` WHERE `plans`.`date` BETWEEN '2025-03-20' AND '2025-03-26'[0m
  ↳ app/controllers/calendars_controller.rb:38:in `block in getWeek'
Completed 500 Internal Server Error in 40ms (ActiveRecord: 7.4ms | Allocations: 4077)


  
NoMethodError (undefined method `>=' for nil:NilClass):
  
app/controllers/calendars_controller.rb:44:in `block in getWeek'
app/controllers/calendars_controller.rb:36:in `times'
app/controllers/calendars_controller.rb:36:in `getWeek'
app/controllers/calendars_controller.rb:5:in `index'
Started GET "/" for ::1 at 2025-03-20 13:01:42 +0900
  
SyntaxError (/home/natsumihatanaka/projects/training_curriculum_rails7/app/controllers/calendars_controller.rb:44: void value expression
        wday_num = wday_num -7
        ^~~~~~~~~~~~~
):
  
app/controllers/calendars_controller.rb:44: void value expression
Started GET "/" for ::1 at 2025-03-20 13:02:32 +0900
  
SyntaxError (/home/natsumihatanaka/projects/training_curriculum_rails7/app/controllers/calendars_controller.rb:44: void value expression
        wday_num = wday_num -7
        ^~~~~~~~~~~~~
/home/natsumihatanaka/projects/training_curriculum_rails7/app/controllers/calendars_controller.rb:52: syntax error, unexpected end-of-input
  end
     ^
):
  
app/controllers/calendars_controller.rb:44: void value expression
app/controllers/calendars_controller.rb:52: syntax error, unexpected end-of-input
Started GET "/" for ::1 at 2025-03-20 13:03:37 +0900
  
SyntaxError (/home/natsumihatanaka/projects/training_curriculum_rails7/app/controllers/calendars_controller.rb:44: void value expression
        wday_num = wday_num -7
        ^~~~~~~~~~~~~
/home/natsumihatanaka/projects/training_curriculum_rails7/app/controllers/calendars_controller.rb:52: syntax error, unexpected end-of-input
  end
     ^
):
  
app/controllers/calendars_controller.rb:44: void value expression
app/controllers/calendars_controller.rb:52: syntax error, unexpected end-of-input
Started GET "/" for ::1 at 2025-03-20 13:05:03 +0900
  
SyntaxError (/home/natsumihatanaka/projects/training_curriculum_rails7/app/controllers/calendars_controller.rb:52: syntax error, unexpected end-of-input
  end
     ^
):
  
app/controllers/calendars_controller.rb:52: syntax error, unexpected end-of-input
Started GET "/" for ::1 at 2025-03-20 13:05:18 +0900
  
SyntaxError (/home/natsumihatanaka/projects/training_curriculum_rails7/app/controllers/calendars_controller.rb:50: syntax error, unexpected end-of-input
    end
       ^
):
  
app/controllers/calendars_controller.rb:50: syntax error, unexpected end-of-input
Started GET "/" for ::1 at 2025-03-20 13:05:45 +0900
  
SyntaxError (/home/natsumihatanaka/projects/training_curriculum_rails7/app/controllers/calendars_controller.rb:51: syntax error, unexpected end-of-input
  end
     ^
):
  
app/controllers/calendars_controller.rb:51: syntax error, unexpected end-of-input
Started GET "/" for ::1 at 2025-03-20 13:05:58 +0900
Processing by CalendarsController#index as HTML
  [1m[36mPlan Load (0.6ms)[0m  [1m[34mSELECT `plans`.* FROM `plans` WHERE `plans`.`date` BETWEEN '2025-03-20' AND '2025-03-26'[0m
  ↳ app/controllers/calendars_controller.rb:38:in `block in getWeek'
Completed 500 Internal Server Error in 37ms (ActiveRecord: 29.3ms | Allocations: 4381)


  
TypeError (no implicit conversion of Symbol into Integer):
  
app/controllers/calendars_controller.rb:42:in `block in getWeek'
app/controllers/calendars_controller.rb:36:in `times'
app/controllers/calendars_controller.rb:36:in `getWeek'
app/controllers/calendars_controller.rb:5:in `index'
Started GET "/" for ::1 at 2025-03-20 13:08:15 +0900
Processing by CalendarsController#index as HTML
  [1m[36mPlan Load (0.4ms)[0m  [1m[34mSELECT `plans`.* FROM `plans` WHERE `plans`.`date` BETWEEN '2025-03-20' AND '2025-03-26'[0m
  ↳ app/controllers/calendars_controller.rb:38:in `block in getWeek'
Completed 500 Internal Server Error in 15ms (ActiveRecord: 6.6ms | Allocations: 4330)


  
NameError (undefined local variable or method `day' for #<CalendarsController:0x000000000597b8>):
  
app/controllers/calendars_controller.rb:42:in `block in getWeek'
app/controllers/calendars_controller.rb:36:in `times'
app/controllers/calendars_controller.rb:36:in `getWeek'
app/controllers/calendars_controller.rb:5:in `index'
Started GET "/" for ::1 at 2025-03-20 13:08:26 +0900
Processing by CalendarsController#index as HTML
  [1m[36mPlan Load (0.4ms)[0m  [1m[34mSELECT `plans`.* FROM `plans` WHERE `plans`.`date` BETWEEN '2025-03-20' AND '2025-03-26'[0m
  ↳ app/controllers/calendars_controller.rb:38:in `block in getWeek'
Completed 500 Internal Server Error in 9ms (ActiveRecord: 3.8ms | Allocations: 4382)


  
NameError (undefined local variable or method `days' for #<CalendarsController:0x0000000005d638>):
  
app/controllers/calendars_controller.rb:42:in `block in getWeek'
app/controllers/calendars_controller.rb:36:in `times'
app/controllers/calendars_controller.rb:36:in `getWeek'
app/controllers/calendars_controller.rb:5:in `index'
Started GET "/" for ::1 at 2025-03-20 13:10:20 +0900
Processing by CalendarsController#index as HTML
  [1m[36mPlan Load (0.4ms)[0m  [1m[34mSELECT `plans`.* FROM `plans` WHERE `plans`.`date` BETWEEN '2025-03-20' AND '2025-03-26'[0m
  ↳ app/controllers/calendars_controller.rb:38:in `block in getWeek'
  Rendering layout layouts/application.html.erb
  Rendering calendars/index.html.erb within layouts/application
  Rendered calendars/index.html.erb within layouts/application (Duration: 5.8ms | Allocations: 1544)
  Rendered layout layouts/application.html.erb (Duration: 21.7ms | Allocations: 14642)
Completed 200 OK in 37ms (Views: 23.3ms | ActiveRecord: 6.0ms | Allocations: 19482)


Started GET "/" for ::1 at 2025-03-20 13:11:55 +0900
Processing by CalendarsController#index as HTML
  [1m[36mPlan Load (0.4ms)[0m  [1m[34mSELECT `plans`.* FROM `plans` WHERE `plans`.`date` BETWEEN '2025-03-20' AND '2025-03-26'[0m
  ↳ app/controllers/calendars_controller.rb:38:in `block in getWeek'
  Rendering layout layouts/application.html.erb
  Rendering calendars/index.html.erb within layouts/application
  Rendered calendars/index.html.erb within layouts/application (Duration: 2.2ms | Allocations: 1549)
  Rendered layout layouts/application.html.erb (Duration: 10.3ms | Allocations: 14443)
Completed 200 OK in 26ms (Views: 11.8ms | ActiveRecord: 6.7ms | Allocations: 19218)


Started GET "/" for ::1 at 2025-03-20 13:12:47 +0900
Processing by CalendarsController#index as HTML
  [1m[36mPlan Load (0.4ms)[0m  [1m[34mSELECT `plans`.* FROM `plans` WHERE `plans`.`date` BETWEEN '2025-03-20' AND '2025-03-26'[0m
  ↳ app/controllers/calendars_controller.rb:38:in `block in getWeek'
  Rendering layout layouts/application.html.erb
  Rendering calendars/index.html.erb within layouts/application
  Rendered calendars/index.html.erb within layouts/application (Duration: 3.9ms | Allocations: 1544)
  Rendered layout layouts/application.html.erb (Duration: 12.4ms | Allocations: 14645)
Completed 200 OK in 23ms (Views: 13.6ms | ActiveRecord: 3.7ms | Allocations: 19491)


Started GET "/" for ::1 at 2025-03-20 13:12:49 +0900
Processing by CalendarsController#index as HTML
  [1m[36mPlan Load (0.5ms)[0m  [1m[34mSELECT `plans`.* FROM `plans` WHERE `plans`.`date` BETWEEN '2025-03-20' AND '2025-03-26'[0m
  ↳ app/controllers/calendars_controller.rb:38:in `block in getWeek'
  Rendering layout layouts/application.html.erb
  Rendering calendars/index.html.erb within layouts/application
  Rendered calendars/index.html.erb within layouts/application (Duration: 2.7ms | Allocations: 1016)
  Rendered layout layouts/application.html.erb (Duration: 6.5ms | Allocations: 3070)
Completed 200 OK in 10ms (Views: 7.3ms | ActiveRecord: 0.5ms | Allocations: 3917)


Started GET "/" for ::1 at 2025-03-20 13:15:42 +0900
Processing by CalendarsController#index as HTML
  [1m[36mPlan Load (0.8ms)[0m  [1m[34mSELECT `plans`.* FROM `plans` WHERE `plans`.`date` BETWEEN '2025-03-20' AND '2025-03-26'[0m
  ↳ app/controllers/calendars_controller.rb:38:in `block in getWeek'
  Rendering layout layouts/application.html.erb
  Rendering calendars/index.html.erb within layouts/application
  Rendered calendars/index.html.erb within layouts/application (Duration: 3.1ms | Allocations: 1541)
  Rendered layout layouts/application.html.erb (Duration: 19.6ms | Allocations: 14447)
Completed 200 OK in 36ms (Views: 21.1ms | ActiveRecord: 6.7ms | Allocations: 19223)


Started POST "/calendars" for ::1 at 2025-03-20 13:16:02 +0900
Processing by CalendarsController#create as TURBO_STREAM
  Parameters: {"authenticity_token"=>"[FILTERED]", "plan"=>{"date"=>"2025-03-25", "plan"=>"買い出し"}, "commit"=>"保存"}
  [1m[36mTRANSACTION (0.5ms)[0m  [1m[35mBEGIN[0m
  ↳ app/controllers/calendars_controller.rb:12:in `create'
  [1m[36mPlan Create (8.7ms)[0m  [1m[32mINSERT INTO `plans` (`plan`, `date`, `created_at`, `updated_at`) VALUES ('買い出し', '2025-03-25', '2025-03-20 04:16:02.955598', '2025-03-20 04:16:02.955598')[0m
  ↳ app/controllers/calendars_controller.rb:12:in `create'
  [1m[36mTRANSACTION (13.7ms)[0m  [1m[35mCOMMIT[0m
  ↳ app/controllers/calendars_controller.rb:12:in `create'
Redirected to http://localhost:3000/
Completed 302 Found in 29ms (ActiveRecord: 22.8ms | Allocations: 2976)


Started GET "/" for ::1 at 2025-03-20 13:16:02 +0900
Processing by CalendarsController#index as TURBO_STREAM
  [1m[36mPlan Load (0.4ms)[0m  [1m[34mSELECT `plans`.* FROM `plans` WHERE `plans`.`date` BETWEEN '2025-03-20' AND '2025-03-26'[0m
  ↳ app/controllers/calendars_controller.rb:38:in `block in getWeek'
  Rendering layout layouts/application.html.erb
  Rendering calendars/index.html.erb within layouts/application
  Rendered calendars/index.html.erb within layouts/application (Duration: 2.1ms | Allocations: 998)
  Rendered layout layouts/application.html.erb (Duration: 5.7ms | Allocations: 3068)
Completed 200 OK in 8ms (Views: 6.3ms | ActiveRecord: 0.4ms | Allocations: 3975)


Started POST "/calendars" for ::1 at 2025-03-20 13:16:13 +0900
Processing by CalendarsController#create as TURBO_STREAM
  Parameters: {"authenticity_token"=>"[FILTERED]", "plan"=>{"date"=>"2025-03-20", "plan"=>"美容院"}, "commit"=>"保存"}
  [1m[36mTRANSACTION (0.3ms)[0m  [1m[35mBEGIN[0m
  ↳ app/controllers/calendars_controller.rb:12:in `create'
  [1m[36mPlan Create (2.4ms)[0m  [1m[32mINSERT INTO `plans` (`plan`, `date`, `created_at`, `updated_at`) VALUES ('美容院', '2025-03-20', '2025-03-20 04:16:13.908406', '2025-03-20 04:16:13.908406')[0m
  ↳ app/controllers/calendars_controller.rb:12:in `create'
  [1m[36mTRANSACTION (8.9ms)[0m  [1m[35mCOMMIT[0m
  ↳ app/controllers/calendars_controller.rb:12:in `create'
Redirected to http://localhost:3000/
Completed 302 Found in 15ms (ActiveRecord: 11.6ms | Allocations: 2267)


Started GET "/" for ::1 at 2025-03-20 13:16:13 +0900
Processing by CalendarsController#index as TURBO_STREAM
  [1m[36mPlan Load (0.3ms)[0m  [1m[34mSELECT `plans`.* FROM `plans` WHERE `plans`.`date` BETWEEN '2025-03-20' AND '2025-03-26'[0m
  ↳ app/controllers/calendars_controller.rb:38:in `block in getWeek'
  Rendering layout layouts/application.html.erb
  Rendering calendars/index.html.erb within layouts/application
  Rendered calendars/index.html.erb within layouts/application (Duration: 1.2ms | Allocations: 1020)
  Rendered layout layouts/application.html.erb (Duration: 3.5ms | Allocations: 3074)
Completed 200 OK in 6ms (Views: 3.9ms | ActiveRecord: 0.3ms | Allocations: 3957)


Started POST "/calendars" for ::1 at 2025-03-20 13:19:09 +0900
Processing by CalendarsController#create as TURBO_STREAM
  Parameters: {"authenticity_token"=>"[FILTERED]", "plan"=>{"date"=>"2025-03-26", "plan"=>"散歩"}, "commit"=>"保存"}
  [1m[36mTRANSACTION (1.0ms)[0m  [1m[35mBEGIN[0m
  ↳ app/controllers/calendars_controller.rb:12:in `create'
  [1m[36mPlan Create (5.8ms)[0m  [1m[32mINSERT INTO `plans` (`plan`, `date`, `created_at`, `updated_at`) VALUES ('散歩', '2025-03-26', '2025-03-20 04:19:09.664247', '2025-03-20 04:19:09.664247')[0m
  ↳ app/controllers/calendars_controller.rb:12:in `create'
  [1m[36mTRANSACTION (7.2ms)[0m  [1m[35mCOMMIT[0m
  ↳ app/controllers/calendars_controller.rb:12:in `create'
Redirected to http://localhost:3000/
Completed 302 Found in 25ms (ActiveRecord: 13.9ms | Allocations: 2273)


Started GET "/" for ::1 at 2025-03-20 13:19:09 +0900
Processing by CalendarsController#index as TURBO_STREAM
  [1m[36mPlan Load (0.7ms)[0m  [1m[34mSELECT `plans`.* FROM `plans` WHERE `plans`.`date` BETWEEN '2025-03-20' AND '2025-03-26'[0m
  ↳ app/controllers/calendars_controller.rb:38:in `block in getWeek'
  Rendering layout layouts/application.html.erb
  Rendering calendars/index.html.erb within layouts/application
  Rendered calendars/index.html.erb within layouts/application (Duration: 4.1ms | Allocations: 997)
  Rendered layout layouts/application.html.erb (Duration: 9.1ms | Allocations: 3051)
Completed 200 OK in 13ms (Views: 10.1ms | ActiveRecord: 0.7ms | Allocations: 3954)


Started POST "/calendars" for ::1 at 2025-03-20 13:19:16 +0900
Processing by CalendarsController#create as TURBO_STREAM
  Parameters: {"authenticity_token"=>"[FILTERED]", "plan"=>{"date"=>"2025-03-26", "plan"=>"出かける"}, "commit"=>"保存"}
  [1m[36mTRANSACTION (0.2ms)[0m  [1m[35mBEGIN[0m
  ↳ app/controllers/calendars_controller.rb:12:in `create'
  [1m[36mPlan Create (2.9ms)[0m  [1m[32mINSERT INTO `plans` (`plan`, `date`, `created_at`, `updated_at`) VALUES ('出かける', '2025-03-26', '2025-03-20 04:19:16.526492', '2025-03-20 04:19:16.526492')[0m
  ↳ app/controllers/calendars_controller.rb:12:in `create'
  [1m[36mTRANSACTION (9.3ms)[0m  [1m[35mCOMMIT[0m
  ↳ app/controllers/calendars_controller.rb:12:in `create'
Redirected to http://localhost:3000/
Completed 302 Found in 17ms (ActiveRecord: 12.5ms | Allocations: 2276)


Started GET "/" for ::1 at 2025-03-20 13:19:16 +0900
Processing by CalendarsController#index as TURBO_STREAM
  [1m[36mPlan Load (0.5ms)[0m  [1m[34mSELECT `plans`.* FROM `plans` WHERE `plans`.`date` BETWEEN '2025-03-20' AND '2025-03-26'[0m
  ↳ app/controllers/calendars_controller.rb:38:in `block in getWeek'
  Rendering layout layouts/application.html.erb
  Rendering calendars/index.html.erb within layouts/application
  Rendered calendars/index.html.erb within layouts/application (Duration: 2.6ms | Allocations: 992)
  Rendered layout layouts/application.html.erb (Duration: 5.7ms | Allocations: 3047)
Completed 200 OK in 10ms (Views: 6.4ms | ActiveRecord: 0.5ms | Allocations: 3969)


Started GET "/" for ::1 at 2025-03-20 16:46:14 +0900
Processing by CalendarsController#index as HTML
  [1m[36mPlan Load (33.6ms)[0m  [1m[34mSELECT `plans`.* FROM `plans` WHERE `plans`.`date` BETWEEN '2025-03-20' AND '2025-03-26'[0m
  ↳ app/controllers/calendars_controller.rb:38:in `block in getWeek'
  Rendering layout layouts/application.html.erb
  Rendering calendars/index.html.erb within layouts/application
  Rendered calendars/index.html.erb within layouts/application (Duration: 122.4ms | Allocations: 1000)
  Rendered layout layouts/application.html.erb (Duration: 216.7ms | Allocations: 3054)
Completed 200 OK in 630ms (Views: 249.0ms | ActiveRecord: 64.7ms | Allocations: 4064)


Started GET "/" for ::1 at 2025-03-20 22:08:50 +0900
  [1m[36mActiveRecord::SchemaMigration Load (4.8ms)[0m  [1m[34mSELECT `schema_migrations`.`version` FROM `schema_migrations` ORDER BY `schema_migrations`.`version` ASC[0m
Processing by CalendarsController#index as HTML
  [1m[36mPlan Load (10.7ms)[0m  [1m[34mSELECT `plans`.* FROM `plans` WHERE `plans`.`date` BETWEEN '2025-03-20' AND '2025-03-26'[0m
  ↳ app/controllers/calendars_controller.rb:38:in `block in getWeek'
  Rendering layout layouts/application.html.erb
  Rendering calendars/index.html.erb within layouts/application
  Rendered calendars/index.html.erb within layouts/application (Duration: 42.9ms | Allocations: 3842)
  Rendered layout layouts/application.html.erb (Duration: 272.0ms | Allocations: 38688)
Completed 200 OK in 488ms (Views: 285.4ms | ActiveRecord: 113.5ms | Allocations: 56534)


Started POST "/calendars" for ::1 at 2025-03-20 22:09:44 +0900
Processing by CalendarsController#create as TURBO_STREAM
  Parameters: {"authenticity_token"=>"[FILTERED]", "plan"=>{"date"=>"2025-03-24", "plan"=>"勉強"}, "commit"=>"保存"}
  [1m[36mTRANSACTION (0.7ms)[0m  [1m[35mBEGIN[0m
  ↳ app/controllers/calendars_controller.rb:12:in `create'
  [1m[36mPlan Create (30.5ms)[0m  [1m[32mINSERT INTO `plans` (`plan`, `date`, `created_at`, `updated_at`) VALUES ('勉強', '2025-03-24', '2025-03-20 13:09:44.593471', '2025-03-20 13:09:44.593471')[0m
  ↳ app/controllers/calendars_controller.rb:12:in `create'
  [1m[36mTRANSACTION (21.0ms)[0m  [1m[35mCOMMIT[0m
  ↳ app/controllers/calendars_controller.rb:12:in `create'
Redirected to http://localhost:3000/
Completed 302 Found in 67ms (ActiveRecord: 52.0ms | Allocations: 4164)


Started GET "/" for ::1 at 2025-03-20 22:09:44 +0900
Processing by CalendarsController#index as TURBO_STREAM
  [1m[36mPlan Load (0.8ms)[0m  [1m[34mSELECT `plans`.* FROM `plans` WHERE `plans`.`date` BETWEEN '2025-03-20' AND '2025-03-26'[0m
  ↳ app/controllers/calendars_controller.rb:38:in `block in getWeek'
  Rendering layout layouts/application.html.erb
  Rendering calendars/index.html.erb within layouts/application
  Rendered calendars/index.html.erb within layouts/application (Duration: 3.9ms | Allocations: 1043)
  Rendered layout layouts/application.html.erb (Duration: 10.2ms | Allocations: 3097)
Completed 200 OK in 15ms (Views: 11.2ms | ActiveRecord: 0.9ms | Allocations: 4081)


Started POST "/calendars" for ::1 at 2025-03-20 22:09:50 +0900
Processing by CalendarsController#create as TURBO_STREAM
  Parameters: {"authenticity_token"=>"[FILTERED]", "plan"=>{"date"=>"2025-03-27", "plan"=>"出かける"}, "commit"=>"保存"}
  [1m[36mTRANSACTION (0.7ms)[0m  [1m[35mBEGIN[0m
  ↳ app/controllers/calendars_controller.rb:12:in `create'
  [1m[36mPlan Create (9.3ms)[0m  [1m[32mINSERT INTO `plans` (`plan`, `date`, `created_at`, `updated_at`) VALUES ('出かける', '2025-03-27', '2025-03-20 13:09:50.338778', '2025-03-20 13:09:50.338778')[0m
  ↳ app/controllers/calendars_controller.rb:12:in `create'
  [1m[36mTRANSACTION (24.7ms)[0m  [1m[35mCOMMIT[0m
  ↳ app/controllers/calendars_controller.rb:12:in `create'
Redirected to http://localhost:3000/
Completed 302 Found in 45ms (ActiveRecord: 34.7ms | Allocations: 2331)


Started GET "/" for ::1 at 2025-03-20 22:09:50 +0900
Processing by CalendarsController#index as TURBO_STREAM
  [1m[36mPlan Load (1.0ms)[0m  [1m[34mSELECT `plans`.* FROM `plans` WHERE `plans`.`date` BETWEEN '2025-03-20' AND '2025-03-26'[0m
  ↳ app/controllers/calendars_controller.rb:38:in `block in getWeek'
  Rendering layout layouts/application.html.erb
  Rendering calendars/index.html.erb within layouts/application
  Rendered calendars/index.html.erb within layouts/application (Duration: 3.8ms | Allocations: 1049)
  Rendered layout layouts/application.html.erb (Duration: 17.7ms | Allocations: 3103)
Completed 200 OK in 25ms (Views: 19.7ms | ActiveRecord: 0.9ms | Allocations: 4045)


Started POST "/calendars" for ::1 at 2025-03-20 22:10:51 +0900
Processing by CalendarsController#create as TURBO_STREAM
  Parameters: {"authenticity_token"=>"[FILTERED]", "plan"=>{"date"=>"2025-03-22", "plan"=>"勉強"}, "commit"=>"保存"}
  [1m[36mTRANSACTION (2.2ms)[0m  [1m[35mBEGIN[0m
  ↳ app/controllers/calendars_controller.rb:12:in `create'
  [1m[36mPlan Create (15.0ms)[0m  [1m[32mINSERT INTO `plans` (`plan`, `date`, `created_at`, `updated_at`) VALUES ('勉強', '2025-03-22', '2025-03-20 13:10:51.218035', '2025-03-20 13:10:51.218035')[0m
  ↳ app/controllers/calendars_controller.rb:12:in `create'
  [1m[36mTRANSACTION (15.0ms)[0m  [1m[35mCOMMIT[0m
  ↳ app/controllers/calendars_controller.rb:12:in `create'
Redirected to http://localhost:3000/
Completed 302 Found in 59ms (ActiveRecord: 31.9ms | Allocations: 2337)


Started GET "/" for ::1 at 2025-03-20 22:10:51 +0900
Processing by CalendarsController#index as TURBO_STREAM
  [1m[36mPlan Load (1.3ms)[0m  [1m[34mSELECT `plans`.* FROM `plans` WHERE `plans`.`date` BETWEEN '2025-03-20' AND '2025-03-26'[0m
  ↳ app/controllers/calendars_controller.rb:38:in `block in getWeek'
  Rendering layout layouts/application.html.erb
  Rendering calendars/index.html.erb within layouts/application
  Rendered calendars/index.html.erb within layouts/application (Duration: 5.4ms | Allocations: 1050)
  Rendered layout layouts/application.html.erb (Duration: 16.9ms | Allocations: 3104)
Completed 200 OK in 27ms (Views: 19.2ms | ActiveRecord: 1.3ms | Allocations: 4064)


Started GET "/" for ::1 at 2025-03-20 22:23:47 +0900
Processing by CalendarsController#index as HTML
  [1m[36mPlan Load (15.2ms)[0m  [1m[34mSELECT `plans`.* FROM `plans` WHERE `plans`.`date` BETWEEN '2025-03-20' AND '2025-03-26'[0m
  ↳ app/controllers/calendars_controller.rb:38:in `block in getWeek'
  Rendering layout layouts/application.html.erb
  Rendering calendars/index.html.erb within layouts/application
  Rendered calendars/index.html.erb within layouts/application (Duration: 561.2ms | Allocations: 1109)
  Rendered layout layouts/application.html.erb (Duration: 630.2ms | Allocations: 3202)
Completed 200 OK in 816ms (Views: 641.8ms | ActiveRecord: 26.9ms | Allocations: 4246)


Started POST "/calendars" for ::1 at 2025-03-20 22:24:00 +0900
Processing by CalendarsController#create as TURBO_STREAM
  Parameters: {"authenticity_token"=>"[FILTERED]", "plan"=>{"date"=>"2025-03-21", "plan"=>"勉強"}, "commit"=>"保存"}
  [1m[36mTRANSACTION (1.0ms)[0m  [1m[35mBEGIN[0m
  ↳ app/controllers/calendars_controller.rb:12:in `create'
  [1m[36mPlan Create (87.8ms)[0m  [1m[32mINSERT INTO `plans` (`plan`, `date`, `created_at`, `updated_at`) VALUES ('勉強', '2025-03-21', '2025-03-20 13:24:00.157956', '2025-03-20 13:24:00.157956')[0m
  ↳ app/controllers/calendars_controller.rb:12:in `create'
  [1m[36mTRANSACTION (21.6ms)[0m  [1m[35mCOMMIT[0m
  ↳ app/controllers/calendars_controller.rb:12:in `create'
Redirected to http://localhost:3000/
Completed 302 Found in 132ms (ActiveRecord: 110.3ms | Allocations: 2320)


Started GET "/" for ::1 at 2025-03-20 22:24:00 +0900
Processing by CalendarsController#index as TURBO_STREAM
  [1m[36mPlan Load (1.4ms)[0m  [1m[34mSELECT `plans`.* FROM `plans` WHERE `plans`.`date` BETWEEN '2025-03-20' AND '2025-03-26'[0m
  ↳ app/controllers/calendars_controller.rb:38:in `block in getWeek'
  Rendering layout layouts/application.html.erb
  Rendering calendars/index.html.erb within layouts/application
  Rendered calendars/index.html.erb within layouts/application (Duration: 4.6ms | Allocations: 1048)
  Rendered layout layouts/application.html.erb (Duration: 23.6ms | Allocations: 3111)
Completed 200 OK in 49ms (Views: 42.1ms | ActiveRecord: 1.4ms | Allocations: 4090)


